Build started 10-May-17 4:40:01 PM.
     1>Project "C:\Users\Muhammad Anas Baig\Documents\Visual Studio 2010\Projects\Lab12-Ex3\Lab12-Ex1\Lab12-Ex1.vcxproj" on node 2 (build target(s)).
     1>InitializeBuildStatus:
         Creating "Debug\Lab12-Ex1.unsuccessfulbuild" because "AlwaysCreate" was specified.
       ClCompile:
         C:\Program Files\Microsoft Visual Studio 10.0\VC\bin\CL.exe /c /ZI /nologo /W3 /WX- /Od /Oy- /D _MBCS /Gm /EHsc /RTC1 /MDd /GS /fp:precise /Zc:wchar_t /Zc:forScope /Fo"Debug\\" /Fd"Debug\vc100.pdb" /Gd /TP /analyze- /errorReport:prompt source.cpp
         source.cpp
     1>c:\users\muhammad anas baig\documents\visual studio 2010\projects\lab12-ex3\lab12-ex1\source.cpp(97): warning C4996: 'getch': The POSIX name for this item is deprecated. Instead, use the ISO C++ conformant name: _getch. See online help for details.
                 c:\program files\microsoft visual studio 10.0\vc\include\conio.h(128) : see declaration of 'getch'
     1>c:\users\muhammad anas baig\documents\visual studio 2010\projects\lab12-ex3\lab12-ex1\source.cpp(10): warning C4101: 'choice2' : unreferenced local variable
       Link:
         C:\Program Files\Microsoft Visual Studio 10.0\VC\bin\link.exe /ERRORREPORT:PROMPT /OUT:"C:\Users\Muhammad Anas Baig\Documents\Visual Studio 2010\Projects\Lab12-Ex3\Debug\Lab12-Ex1.exe" /NOLOGO kernel32.lib user32.lib gdi32.lib winspool.lib comdlg32.lib advapi32.lib shell32.lib ole32.lib oleaut32.lib uuid.lib odbc32.lib odbccp32.lib /MANIFEST /ManifestFile:"Debug\Lab12-Ex1.exe.intermediate.manifest" /MANIFESTUAC:"level='asInvoker' uiAccess='false'" /DEBUG /PDB:"C:\Users\Muhammad Anas Baig\Documents\Visual Studio 2010\Projects\Lab12-Ex3\Debug\Lab12-Ex1.pdb" /TLBID:1 /DYNAMICBASE /NXCOMPAT /IMPLIB:"C:\Users\Muhammad Anas Baig\Documents\Visual Studio 2010\Projects\Lab12-Ex3\Debug\Lab12-Ex1.lib" /MACHINE:X86 Debug\binarySearchTree.obj
         Debug\node.obj
         Debug\source.obj
         LINK : C:\Users\Muhammad Anas Baig\Documents\Visual Studio 2010\Projects\Lab12-Ex3\Debug\Lab12-Ex1.exe not found or not built by the last incremental link; performing full link
         Lab12-Ex1.vcxproj -> C:\Users\Muhammad Anas Baig\Documents\Visual Studio 2010\Projects\Lab12-Ex3\Debug\Lab12-Ex1.exe
       Manifest:
         C:\Program Files\Microsoft SDKs\Windows\v7.0A\bin\mt.exe /nologo /verbose /outputresource:"C:\Users\Muhammad Anas Baig\Documents\Visual Studio 2010\Projects\Lab12-Ex3\Debug\Lab12-Ex1.exe;#1" /manifest "Debug\Lab12-Ex1.exe.intermediate.manifest"
       FinalizeBuildStatus:
         Deleting file "Debug\Lab12-Ex1.unsuccessfulbuild".
         Touching "Debug\Lab12-Ex1.lastbuildstate".
     1>Done Building Project "C:\Users\Muhammad Anas Baig\Documents\Visual Studio 2010\Projects\Lab12-Ex3\Lab12-Ex1\Lab12-Ex1.vcxproj" (build target(s)).

Build succeeded.

Time Elapsed 00:00:01.30
