Build started 02-Apr-17 9:48:02 PM.
     1>Project "c:\Users\muhammad anas baig\documents\visual studio 2010\Projects\Lab7-Ex2\Lab7-Ex2\Lab7-Ex2.vcxproj" on node 2 (build target(s)).
     1>InitializeBuildStatus:
         Creating "Debug\Lab7-Ex2.unsuccessfulbuild" because "AlwaysCreate" was specified.
       ClCompile:
         C:\Program Files\Microsoft Visual Studio 10.0\VC\bin\CL.exe /c /ZI /nologo /W3 /WX- /Od /Oy- /D _MBCS /Gm /EHsc /RTC1 /MDd /GS /fp:precise /Zc:wchar_t /Zc:forScope /Fo"Debug\\" /Fd"Debug\vc100.pdb" /Gd /TP /analyze- /errorReport:prompt main.cpp
         main.cpp
     1>c:\users\muhammad anas baig\documents\visual studio 2010\projects\lab7-ex2\lab7-ex2\main.cpp(44): warning C4996: 'getch': The POSIX name for this item is deprecated. Instead, use the ISO C++ conformant name: _getch. See online help for details.
                 c:\program files\microsoft visual studio 10.0\vc\include\conio.h(128) : see declaration of 'getch'
       Link:
         C:\Program Files\Microsoft Visual Studio 10.0\VC\bin\link.exe /ERRORREPORT:PROMPT /OUT:"c:\users\muhammad anas baig\documents\visual studio 2010\Projects\Lab7-Ex2\Debug\Lab7-Ex2.exe" /NOLOGO kernel32.lib user32.lib gdi32.lib winspool.lib comdlg32.lib advapi32.lib shell32.lib ole32.lib oleaut32.lib uuid.lib odbc32.lib odbccp32.lib /MANIFEST /ManifestFile:"Debug\Lab7-Ex2.exe.intermediate.manifest" /MANIFESTUAC:"level='asInvoker' uiAccess='false'" /DEBUG /PDB:"c:\users\muhammad anas baig\documents\visual studio 2010\Projects\Lab7-Ex2\Debug\Lab7-Ex2.pdb" /TLBID:1 /DYNAMICBASE /NXCOMPAT /IMPLIB:"c:\users\muhammad anas baig\documents\visual studio 2010\Projects\Lab7-Ex2\Debug\Lab7-Ex2.lib" /MACHINE:X86 Debug\doublyListStack.obj
         Debug\main.obj
         Debug\Node.obj
         LINK : c:\users\muhammad anas baig\documents\visual studio 2010\Projects\Lab7-Ex2\Debug\Lab7-Ex2.exe not found or not built by the last incremental link; performing full link
         Lab7-Ex2.vcxproj -> c:\users\muhammad anas baig\documents\visual studio 2010\Projects\Lab7-Ex2\Debug\Lab7-Ex2.exe
       Manifest:
         C:\Program Files\Microsoft SDKs\Windows\v7.0A\bin\mt.exe /nologo /verbose /outputresource:"c:\users\muhammad anas baig\documents\visual studio 2010\Projects\Lab7-Ex2\Debug\Lab7-Ex2.exe;#1" /manifest "Debug\Lab7-Ex2.exe.intermediate.manifest"
       FinalizeBuildStatus:
         Deleting file "Debug\Lab7-Ex2.unsuccessfulbuild".
         Touching "Debug\Lab7-Ex2.lastbuildstate".
     1>Done Building Project "c:\Users\muhammad anas baig\documents\visual studio 2010\Projects\Lab7-Ex2\Lab7-Ex2\Lab7-Ex2.vcxproj" (build target(s)).

Build succeeded.

Time Elapsed 00:00:01.74
