Build started 2/24/2017 5:27:03 PM.
     1>Project "C:\Users\Administrator\Documents\Visual Studio 2010\Projects\Lab3-Ex2\Lab3-Ex2\Lab3-Ex2.vcxproj" on node 2 (build target(s)).
     1>InitializeBuildStatus:
         Creating "Debug\Lab3-Ex2.unsuccessfulbuild" because "AlwaysCreate" was specified.
       ClCompile:
         C:\Program Files\Microsoft Visual Studio 10.0\VC\bin\CL.exe /c /ZI /nologo /W3 /WX- /Od /Oy- /D _MBCS /Gm /EHsc /RTC1 /MDd /GS /fp:precise /Zc:wchar_t /Zc:forScope /Fo"Debug\\" /Fd"Debug\vc100.pdb" /Gd /TP /analyze- /errorReport:prompt queue.cpp
         queue.cpp
       Link:
         C:\Program Files\Microsoft Visual Studio 10.0\VC\bin\link.exe /ERRORREPORT:PROMPT /OUT:"C:\Users\Administrator\Documents\Visual Studio 2010\Projects\Lab3-Ex2\Debug\Lab3-Ex2.exe" /NOLOGO kernel32.lib user32.lib gdi32.lib winspool.lib comdlg32.lib advapi32.lib shell32.lib ole32.lib oleaut32.lib uuid.lib odbc32.lib odbccp32.lib /MANIFEST /ManifestFile:"Debug\Lab3-Ex2.exe.intermediate.manifest" /MANIFESTUAC:"level='asInvoker' uiAccess='false'" /DEBUG /PDB:"C:\Users\Administrator\Documents\Visual Studio 2010\Projects\Lab3-Ex2\Debug\Lab3-Ex2.pdb" /TLBID:1 /DYNAMICBASE /NXCOMPAT /IMPLIB:"C:\Users\Administrator\Documents\Visual Studio 2010\Projects\Lab3-Ex2\Debug\Lab3-Ex2.lib" /MACHINE:X86 Debug\main.obj
         Debug\queue.obj
         Debug\stack.obj
         LINK : C:\Users\Administrator\Documents\Visual Studio 2010\Projects\Lab3-Ex2\Debug\Lab3-Ex2.exe not found or not built by the last incremental link; performing full link
         Lab3-Ex2.vcxproj -> C:\Users\Administrator\Documents\Visual Studio 2010\Projects\Lab3-Ex2\Debug\Lab3-Ex2.exe
       Manifest:
         C:\Program Files\Microsoft SDKs\Windows\v7.0A\bin\mt.exe /nologo /verbose /outputresource:"C:\Users\Administrator\Documents\Visual Studio 2010\Projects\Lab3-Ex2\Debug\Lab3-Ex2.exe;#1" /manifest "Debug\Lab3-Ex2.exe.intermediate.manifest"
       FinalizeBuildStatus:
         Deleting file "Debug\Lab3-Ex2.unsuccessfulbuild".
         Touching "Debug\Lab3-Ex2.lastbuildstate".
     1>Done Building Project "C:\Users\Administrator\Documents\Visual Studio 2010\Projects\Lab3-Ex2\Lab3-Ex2\Lab3-Ex2.vcxproj" (build target(s)).

Build succeeded.

Time Elapsed 00:00:06.33
