Build started 23-Mar-17 12:45:34 AM.
     1>Project "C:\Users\Muhammad Anas Baig\OneDrive\Uni\DSA-CSC-221\Lab\Journal5 Visual Studio Code Solution\Lab5-Ex1\Lab5-Ex1\Lab5-Ex1.vcxproj" on node 2 (build target(s)).
     1>InitializeBuildStatus:
         Creating "Debug\Lab5-Ex1.unsuccessfulbuild" because "AlwaysCreate" was specified.
       ClCompile:
         C:\Program Files\Microsoft Visual Studio 10.0\VC\bin\CL.exe /c /ZI /nologo /W3 /WX- /Od /Oy- /D _MBCS /Gm /EHsc /RTC1 /MDd /GS /fp:precise /Zc:wchar_t /Zc:forScope /Fo"Debug\\" /Fd"Debug\vc100.pdb" /Gd /TP /analyze- /errorReport:prompt main.cpp
         main.cpp
     1>c:\users\muhammad anas baig\onedrive\uni\dsa-csc-221\lab\journal5 visual studio code solution\lab5-ex1\lab5-ex1\main.cpp(11): error C2065: 'cout' : undeclared identifier
     1>c:\users\muhammad anas baig\onedrive\uni\dsa-csc-221\lab\journal5 visual studio code solution\lab5-ex1\lab5-ex1\main.cpp(11): error C2065: 'endl' : undeclared identifier
     1>c:\users\muhammad anas baig\onedrive\uni\dsa-csc-221\lab\journal5 visual studio code solution\lab5-ex1\lab5-ex1\main.cpp(12): error C2065: 'cout' : undeclared identifier
     1>c:\users\muhammad anas baig\onedrive\uni\dsa-csc-221\lab\journal5 visual studio code solution\lab5-ex1\lab5-ex1\main.cpp(12): error C2065: 'endl' : undeclared identifier
     1>c:\users\muhammad anas baig\onedrive\uni\dsa-csc-221\lab\journal5 visual studio code solution\lab5-ex1\lab5-ex1\main.cpp(15): error C2065: 'cout' : undeclared identifier
     1>c:\users\muhammad anas baig\onedrive\uni\dsa-csc-221\lab\journal5 visual studio code solution\lab5-ex1\lab5-ex1\main.cpp(15): error C2065: 'endl' : undeclared identifier
     1>c:\users\muhammad anas baig\onedrive\uni\dsa-csc-221\lab\journal5 visual studio code solution\lab5-ex1\lab5-ex1\main.cpp(19): error C2065: 'cout' : undeclared identifier
     1>c:\users\muhammad anas baig\onedrive\uni\dsa-csc-221\lab\journal5 visual studio code solution\lab5-ex1\lab5-ex1\main.cpp(19): error C2065: 'endl' : undeclared identifier
     1>c:\users\muhammad anas baig\onedrive\uni\dsa-csc-221\lab\journal5 visual studio code solution\lab5-ex1\lab5-ex1\main.cpp(21): error C2065: 'cout' : undeclared identifier
     1>c:\users\muhammad anas baig\onedrive\uni\dsa-csc-221\lab\journal5 visual studio code solution\lab5-ex1\lab5-ex1\main.cpp(21): error C2065: 'endl' : undeclared identifier
     1>c:\users\muhammad anas baig\onedrive\uni\dsa-csc-221\lab\journal5 visual studio code solution\lab5-ex1\lab5-ex1\main.cpp(23): error C2065: 'cout' : undeclared identifier
     1>c:\users\muhammad anas baig\onedrive\uni\dsa-csc-221\lab\journal5 visual studio code solution\lab5-ex1\lab5-ex1\main.cpp(23): error C2065: 'endl' : undeclared identifier
     1>c:\users\muhammad anas baig\onedrive\uni\dsa-csc-221\lab\journal5 visual studio code solution\lab5-ex1\lab5-ex1\main.cpp(24): error C2065: 'cout' : undeclared identifier
     1>c:\users\muhammad anas baig\onedrive\uni\dsa-csc-221\lab\journal5 visual studio code solution\lab5-ex1\lab5-ex1\main.cpp(24): error C2065: 'endl' : undeclared identifier
     1>c:\users\muhammad anas baig\onedrive\uni\dsa-csc-221\lab\journal5 visual studio code solution\lab5-ex1\lab5-ex1\main.cpp(28): error C2065: 'cout' : undeclared identifier
     1>c:\users\muhammad anas baig\onedrive\uni\dsa-csc-221\lab\journal5 visual studio code solution\lab5-ex1\lab5-ex1\main.cpp(28): error C2065: 'endl' : undeclared identifier
     1>c:\users\muhammad anas baig\onedrive\uni\dsa-csc-221\lab\journal5 visual studio code solution\lab5-ex1\lab5-ex1\main.cpp(30): error C2065: 'cout' : undeclared identifier
     1>c:\users\muhammad anas baig\onedrive\uni\dsa-csc-221\lab\journal5 visual studio code solution\lab5-ex1\lab5-ex1\main.cpp(30): error C2065: 'endl' : undeclared identifier
     1>c:\users\muhammad anas baig\onedrive\uni\dsa-csc-221\lab\journal5 visual studio code solution\lab5-ex1\lab5-ex1\main.cpp(31): error C2065: 'cout' : undeclared identifier
     1>c:\users\muhammad anas baig\onedrive\uni\dsa-csc-221\lab\journal5 visual studio code solution\lab5-ex1\lab5-ex1\main.cpp(31): error C2065: 'endl' : undeclared identifier
     1>c:\users\muhammad anas baig\onedrive\uni\dsa-csc-221\lab\journal5 visual studio code solution\lab5-ex1\lab5-ex1\main.cpp(35): error C2065: 'cout' : undeclared identifier
     1>c:\users\muhammad anas baig\onedrive\uni\dsa-csc-221\lab\journal5 visual studio code solution\lab5-ex1\lab5-ex1\main.cpp(35): error C2065: 'endl' : undeclared identifier
     1>c:\users\muhammad anas baig\onedrive\uni\dsa-csc-221\lab\journal5 visual studio code solution\lab5-ex1\lab5-ex1\main.cpp(37): error C2065: 'cout' : undeclared identifier
     1>c:\users\muhammad anas baig\onedrive\uni\dsa-csc-221\lab\journal5 visual studio code solution\lab5-ex1\lab5-ex1\main.cpp(37): error C2065: 'endl' : undeclared identifier
     1>c:\users\muhammad anas baig\onedrive\uni\dsa-csc-221\lab\journal5 visual studio code solution\lab5-ex1\lab5-ex1\main.cpp(38): error C2065: 'cout' : undeclared identifier
     1>c:\users\muhammad anas baig\onedrive\uni\dsa-csc-221\lab\journal5 visual studio code solution\lab5-ex1\lab5-ex1\main.cpp(38): error C2065: 'endl' : undeclared identifier
     1>c:\users\muhammad anas baig\onedrive\uni\dsa-csc-221\lab\journal5 visual studio code solution\lab5-ex1\lab5-ex1\main.cpp(41): error C2065: 'cout' : undeclared identifier
     1>c:\users\muhammad anas baig\onedrive\uni\dsa-csc-221\lab\journal5 visual studio code solution\lab5-ex1\lab5-ex1\main.cpp(41): error C2065: 'endl' : undeclared identifier
     1>c:\users\muhammad anas baig\onedrive\uni\dsa-csc-221\lab\journal5 visual studio code solution\lab5-ex1\lab5-ex1\main.cpp(43): error C2065: 'cout' : undeclared identifier
     1>c:\users\muhammad anas baig\onedrive\uni\dsa-csc-221\lab\journal5 visual studio code solution\lab5-ex1\lab5-ex1\main.cpp(43): error C2065: 'endl' : undeclared identifier
     1>c:\users\muhammad anas baig\onedrive\uni\dsa-csc-221\lab\journal5 visual studio code solution\lab5-ex1\lab5-ex1\main.cpp(44): error C2065: 'cout' : undeclared identifier
     1>c:\users\muhammad anas baig\onedrive\uni\dsa-csc-221\lab\journal5 visual studio code solution\lab5-ex1\lab5-ex1\main.cpp(44): error C2065: 'endl' : undeclared identifier
     1>c:\users\muhammad anas baig\onedrive\uni\dsa-csc-221\lab\journal5 visual studio code solution\lab5-ex1\lab5-ex1\main.cpp(47): error C2065: 'cout' : undeclared identifier
     1>c:\users\muhammad anas baig\onedrive\uni\dsa-csc-221\lab\journal5 visual studio code solution\lab5-ex1\lab5-ex1\main.cpp(47): error C2065: 'endl' : undeclared identifier
     1>c:\users\muhammad anas baig\onedrive\uni\dsa-csc-221\lab\journal5 visual studio code solution\lab5-ex1\lab5-ex1\main.cpp(49): error C2065: 'cout' : undeclared identifier
     1>c:\users\muhammad anas baig\onedrive\uni\dsa-csc-221\lab\journal5 visual studio code solution\lab5-ex1\lab5-ex1\main.cpp(49): error C2065: 'endl' : undeclared identifier
     1>c:\users\muhammad anas baig\onedrive\uni\dsa-csc-221\lab\journal5 visual studio code solution\lab5-ex1\lab5-ex1\main.cpp(50): error C2065: 'cout' : undeclared identifier
     1>c:\users\muhammad anas baig\onedrive\uni\dsa-csc-221\lab\journal5 visual studio code solution\lab5-ex1\lab5-ex1\main.cpp(50): error C2065: 'endl' : undeclared identifier
     1>c:\users\muhammad anas baig\onedrive\uni\dsa-csc-221\lab\journal5 visual studio code solution\lab5-ex1\lab5-ex1\main.cpp(53): error C2065: 'cout' : undeclared identifier
     1>c:\users\muhammad anas baig\onedrive\uni\dsa-csc-221\lab\journal5 visual studio code solution\lab5-ex1\lab5-ex1\main.cpp(53): error C2065: 'endl' : undeclared identifier
     1>c:\users\muhammad anas baig\onedrive\uni\dsa-csc-221\lab\journal5 visual studio code solution\lab5-ex1\lab5-ex1\main.cpp(55): error C2065: 'cout' : undeclared identifier
     1>c:\users\muhammad anas baig\onedrive\uni\dsa-csc-221\lab\journal5 visual studio code solution\lab5-ex1\lab5-ex1\main.cpp(55): error C2065: 'endl' : undeclared identifier
     1>c:\users\muhammad anas baig\onedrive\uni\dsa-csc-221\lab\journal5 visual studio code solution\lab5-ex1\lab5-ex1\main.cpp(56): error C2065: 'cout' : undeclared identifier
     1>c:\users\muhammad anas baig\onedrive\uni\dsa-csc-221\lab\journal5 visual studio code solution\lab5-ex1\lab5-ex1\main.cpp(56): error C2065: 'endl' : undeclared identifier
     1>c:\users\muhammad anas baig\onedrive\uni\dsa-csc-221\lab\journal5 visual studio code solution\lab5-ex1\lab5-ex1\main.cpp(59): error C2065: 'cout' : undeclared identifier
     1>c:\users\muhammad anas baig\onedrive\uni\dsa-csc-221\lab\journal5 visual studio code solution\lab5-ex1\lab5-ex1\main.cpp(59): error C2065: 'endl' : undeclared identifier
     1>c:\users\muhammad anas baig\onedrive\uni\dsa-csc-221\lab\journal5 visual studio code solution\lab5-ex1\lab5-ex1\main.cpp(61): error C2065: 'cout' : undeclared identifier
     1>c:\users\muhammad anas baig\onedrive\uni\dsa-csc-221\lab\journal5 visual studio code solution\lab5-ex1\lab5-ex1\main.cpp(61): error C2065: 'endl' : undeclared identifier
     1>c:\users\muhammad anas baig\onedrive\uni\dsa-csc-221\lab\journal5 visual studio code solution\lab5-ex1\lab5-ex1\main.cpp(62): error C2065: 'cout' : undeclared identifier
     1>c:\users\muhammad anas baig\onedrive\uni\dsa-csc-221\lab\journal5 visual studio code solution\lab5-ex1\lab5-ex1\main.cpp(62): error C2065: 'endl' : undeclared identifier
     1>c:\users\muhammad anas baig\onedrive\uni\dsa-csc-221\lab\journal5 visual studio code solution\lab5-ex1\lab5-ex1\main.cpp(65): error C2065: 'cout' : undeclared identifier
     1>c:\users\muhammad anas baig\onedrive\uni\dsa-csc-221\lab\journal5 visual studio code solution\lab5-ex1\lab5-ex1\main.cpp(65): error C2065: 'endl' : undeclared identifier
     1>c:\users\muhammad anas baig\onedrive\uni\dsa-csc-221\lab\journal5 visual studio code solution\lab5-ex1\lab5-ex1\main.cpp(67): error C2065: 'cout' : undeclared identifier
     1>c:\users\muhammad anas baig\onedrive\uni\dsa-csc-221\lab\journal5 visual studio code solution\lab5-ex1\lab5-ex1\main.cpp(67): error C2065: 'endl' : undeclared identifier
     1>c:\users\muhammad anas baig\onedrive\uni\dsa-csc-221\lab\journal5 visual studio code solution\lab5-ex1\lab5-ex1\main.cpp(68): error C2065: 'cout' : undeclared identifier
     1>c:\users\muhammad anas baig\onedrive\uni\dsa-csc-221\lab\journal5 visual studio code solution\lab5-ex1\lab5-ex1\main.cpp(68): error C2065: 'endl' : undeclared identifier
     1>c:\users\muhammad anas baig\onedrive\uni\dsa-csc-221\lab\journal5 visual studio code solution\lab5-ex1\lab5-ex1\main.cpp(71): error C2065: 'cout' : undeclared identifier
     1>c:\users\muhammad anas baig\onedrive\uni\dsa-csc-221\lab\journal5 visual studio code solution\lab5-ex1\lab5-ex1\main.cpp(71): error C2065: 'endl' : undeclared identifier
     1>c:\users\muhammad anas baig\onedrive\uni\dsa-csc-221\lab\journal5 visual studio code solution\lab5-ex1\lab5-ex1\main.cpp(74): error C2065: 'cout' : undeclared identifier
     1>c:\users\muhammad anas baig\onedrive\uni\dsa-csc-221\lab\journal5 visual studio code solution\lab5-ex1\lab5-ex1\main.cpp(74): error C2065: 'endl' : undeclared identifier
     1>c:\users\muhammad anas baig\onedrive\uni\dsa-csc-221\lab\journal5 visual studio code solution\lab5-ex1\lab5-ex1\main.cpp(76): error C2065: 'cout' : undeclared identifier
     1>c:\users\muhammad anas baig\onedrive\uni\dsa-csc-221\lab\journal5 visual studio code solution\lab5-ex1\lab5-ex1\main.cpp(76): error C2065: 'endl' : undeclared identifier
     1>c:\users\muhammad anas baig\onedrive\uni\dsa-csc-221\lab\journal5 visual studio code solution\lab5-ex1\lab5-ex1\main.cpp(77): error C2065: 'cout' : undeclared identifier
     1>c:\users\muhammad anas baig\onedrive\uni\dsa-csc-221\lab\journal5 visual studio code solution\lab5-ex1\lab5-ex1\main.cpp(77): error C2065: 'endl' : undeclared identifier
     1>c:\users\muhammad anas baig\onedrive\uni\dsa-csc-221\lab\journal5 visual studio code solution\lab5-ex1\lab5-ex1\main.cpp(80): error C2065: 'cout' : undeclared identifier
     1>c:\users\muhammad anas baig\onedrive\uni\dsa-csc-221\lab\journal5 visual studio code solution\lab5-ex1\lab5-ex1\main.cpp(80): error C2065: 'endl' : undeclared identifier
     1>c:\users\muhammad anas baig\onedrive\uni\dsa-csc-221\lab\journal5 visual studio code solution\lab5-ex1\lab5-ex1\main.cpp(82): error C2065: 'cout' : undeclared identifier
     1>c:\users\muhammad anas baig\onedrive\uni\dsa-csc-221\lab\journal5 visual studio code solution\lab5-ex1\lab5-ex1\main.cpp(82): error C2065: 'endl' : undeclared identifier
     1>c:\users\muhammad anas baig\onedrive\uni\dsa-csc-221\lab\journal5 visual studio code solution\lab5-ex1\lab5-ex1\main.cpp(83): error C2065: 'cout' : undeclared identifier
     1>c:\users\muhammad anas baig\onedrive\uni\dsa-csc-221\lab\journal5 visual studio code solution\lab5-ex1\lab5-ex1\main.cpp(83): error C2065: 'endl' : undeclared identifier
     1>c:\users\muhammad anas baig\onedrive\uni\dsa-csc-221\lab\journal5 visual studio code solution\lab5-ex1\lab5-ex1\main.cpp(86): error C2065: 'cout' : undeclared identifier
     1>c:\users\muhammad anas baig\onedrive\uni\dsa-csc-221\lab\journal5 visual studio code solution\lab5-ex1\lab5-ex1\main.cpp(86): error C2065: 'endl' : undeclared identifier
     1>c:\users\muhammad anas baig\onedrive\uni\dsa-csc-221\lab\journal5 visual studio code solution\lab5-ex1\lab5-ex1\main.cpp(88): error C2065: 'cout' : undeclared identifier
     1>c:\users\muhammad anas baig\onedrive\uni\dsa-csc-221\lab\journal5 visual studio code solution\lab5-ex1\lab5-ex1\main.cpp(88): error C2065: 'endl' : undeclared identifier
     1>c:\users\muhammad anas baig\onedrive\uni\dsa-csc-221\lab\journal5 visual studio code solution\lab5-ex1\lab5-ex1\main.cpp(89): error C2065: 'cout' : undeclared identifier
     1>c:\users\muhammad anas baig\onedrive\uni\dsa-csc-221\lab\journal5 visual studio code solution\lab5-ex1\lab5-ex1\main.cpp(89): error C2065: 'endl' : undeclared identifier
     1>c:\users\muhammad anas baig\onedrive\uni\dsa-csc-221\lab\journal5 visual studio code solution\lab5-ex1\lab5-ex1\main.cpp(92): error C2065: 'cout' : undeclared identifier
     1>c:\users\muhammad anas baig\onedrive\uni\dsa-csc-221\lab\journal5 visual studio code solution\lab5-ex1\lab5-ex1\main.cpp(92): error C2065: 'endl' : undeclared identifier
     1>c:\users\muhammad anas baig\onedrive\uni\dsa-csc-221\lab\journal5 visual studio code solution\lab5-ex1\lab5-ex1\main.cpp(94): error C3861: 'getch': identifier not found
     1>Done Building Project "C:\Users\Muhammad Anas Baig\OneDrive\Uni\DSA-CSC-221\Lab\Journal5 Visual Studio Code Solution\Lab5-Ex1\Lab5-Ex1\Lab5-Ex1.vcxproj" (build target(s)) -- FAILED.

Build FAILED.

Time Elapsed 00:00:01.04
