C:\USERS\ADMINISTRATOR\DOCUMENTS\VISUAL STUDIO 2010\PROJECTS\LAB5-EX1\DEBUG\LAB5-EX1.EXE
C:\USERS\ADMINISTRATOR\DOCUMENTS\VISUAL STUDIO 2010\PROJECTS\LAB5-EX1\DEBUG\LAB5-EX1.ILK
C:\USERS\ADMINISTRATOR\DOCUMENTS\VISUAL STUDIO 2010\PROJECTS\LAB5-EX1\DEBUG\LAB5-EX1.PDB
c:\Users\administrator\documents\visual studio 2010\Projects\Lab5-Ex1\Lab5-Ex1\Debug\cl.command.1.tlog
c:\Users\administrator\documents\visual studio 2010\Projects\Lab5-Ex1\Lab5-Ex1\Debug\CL.read.1.tlog
c:\Users\administrator\documents\visual studio 2010\Projects\Lab5-Ex1\Lab5-Ex1\Debug\CL.write.1.tlog
C:\USERS\ADMINISTRATOR\DOCUMENTS\VISUAL STUDIO 2010\PROJECTS\LAB5-EX1\LAB5-EX1\DEBUG\LAB5-EX1.EXE.INTERMEDIATE.MANIFEST
c:\Users\administrator\documents\visual studio 2010\Projects\Lab5-Ex1\Lab5-Ex1\Debug\Lab5-Ex1.vcxprojResolveAssemblyReference.cache
c:\Users\administrator\documents\visual studio 2010\Projects\Lab5-Ex1\Lab5-Ex1\Debug\Lab5-Ex1.write.1.tlog
c:\Users\administrator\documents\visual studio 2010\Projects\Lab5-Ex1\Lab5-Ex1\Debug\link.command.1.tlog
c:\Users\administrator\documents\visual studio 2010\Projects\Lab5-Ex1\Lab5-Ex1\Debug\link.read.1.tlog
c:\Users\administrator\documents\visual studio 2010\Projects\Lab5-Ex1\Lab5-Ex1\Debug\link.write.1.tlog
C:\USERS\ADMINISTRATOR\DOCUMENTS\VISUAL STUDIO 2010\PROJECTS\LAB5-EX1\LAB5-EX1\DEBUG\LIST.OBJ
C:\USERS\ADMINISTRATOR\DOCUMENTS\VISUAL STUDIO 2010\PROJECTS\LAB5-EX1\LAB5-EX1\DEBUG\MAIN.OBJ
c:\Users\administrator\documents\visual studio 2010\Projects\Lab5-Ex1\Lab5-Ex1\Debug\mt.command.1.tlog
c:\Users\administrator\documents\visual studio 2010\Projects\Lab5-Ex1\Lab5-Ex1\Debug\mt.read.1.tlog
c:\Users\administrator\documents\visual studio 2010\Projects\Lab5-Ex1\Lab5-Ex1\Debug\mt.write.1.tlog
C:\USERS\ADMINISTRATOR\DOCUMENTS\VISUAL STUDIO 2010\PROJECTS\LAB5-EX1\LAB5-EX1\DEBUG\NODE.OBJ
c:\Users\administrator\documents\visual studio 2010\Projects\Lab5-Ex1\Lab5-Ex1\Debug\vc100.idb
C:\USERS\ADMINISTRATOR\DOCUMENTS\VISUAL STUDIO 2010\PROJECTS\LAB5-EX1\LAB5-EX1\DEBUG\VC100.PDB
