Build started 11-Apr-17 11:53:43 PM.
     1>Project "C:\Users\Muhammad Anas Baig\Documents\Visual Studio 2010\Projects\Lab8-Ex2-P2\Lab8-Ex1-P2\Lab8-Ex1-P2.vcxproj" on node 2 (build target(s)).
     1>InitializeBuildStatus:
         Creating "Debug\Lab8-Ex1-P2.unsuccessfulbuild" because "AlwaysCreate" was specified.
       ClCompile:
         C:\Program Files\Microsoft Visual Studio 10.0\VC\bin\CL.exe /c /ZI /nologo /W3 /WX- /Od /Oy- /D _MBCS /Gm /EHsc /RTC1 /MDd /GS /fp:precise /Zc:wchar_t /Zc:forScope /Fo"Debug\\" /Fd"Debug\vc100.pdb" /Gd /TP /analyze- /errorReport:prompt circularDoublyList.cpp main.cpp Node.cpp
         Node.cpp
         main.cpp
     1>c:\users\muhammad anas baig\documents\visual studio 2010\projects\lab8-ex2-p2\lab8-ex1-p2\main.cpp(31): warning C4996: 'getch': The POSIX name for this item is deprecated. Instead, use the ISO C++ conformant name: _getch. See online help for details.
                 c:\program files\microsoft visual studio 10.0\vc\include\conio.h(128) : see declaration of 'getch'
         circularDoublyList.cpp
         Generating Code...
       Link:
         C:\Program Files\Microsoft Visual Studio 10.0\VC\bin\link.exe /ERRORREPORT:PROMPT /OUT:"C:\Users\Muhammad Anas Baig\Documents\Visual Studio 2010\Projects\Lab8-Ex2-P2\Debug\Lab8-Ex1-P2.exe" /NOLOGO kernel32.lib user32.lib gdi32.lib winspool.lib comdlg32.lib advapi32.lib shell32.lib ole32.lib oleaut32.lib uuid.lib odbc32.lib odbccp32.lib /MANIFEST /ManifestFile:"Debug\Lab8-Ex1-P2.exe.intermediate.manifest" /MANIFESTUAC:"level='asInvoker' uiAccess='false'" /DEBUG /PDB:"C:\Users\Muhammad Anas Baig\Documents\Visual Studio 2010\Projects\Lab8-Ex2-P2\Debug\Lab8-Ex1-P2.pdb" /TLBID:1 /DYNAMICBASE /NXCOMPAT /IMPLIB:"C:\Users\Muhammad Anas Baig\Documents\Visual Studio 2010\Projects\Lab8-Ex2-P2\Debug\Lab8-Ex1-P2.lib" /MACHINE:X86 Debug\circularDoublyList.obj
         Debug\main.obj
         Debug\Node.obj
         LINK : C:\Users\Muhammad Anas Baig\Documents\Visual Studio 2010\Projects\Lab8-Ex2-P2\Debug\Lab8-Ex1-P2.exe not found or not built by the last incremental link; performing full link
         Lab8-Ex1-P2.vcxproj -> C:\Users\Muhammad Anas Baig\Documents\Visual Studio 2010\Projects\Lab8-Ex2-P2\Debug\Lab8-Ex1-P2.exe
       Manifest:
         C:\Program Files\Microsoft SDKs\Windows\v7.0A\bin\mt.exe /nologo /verbose /outputresource:"C:\Users\Muhammad Anas Baig\Documents\Visual Studio 2010\Projects\Lab8-Ex2-P2\Debug\Lab8-Ex1-P2.exe;#1" /manifest "Debug\Lab8-Ex1-P2.exe.intermediate.manifest"
       FinalizeBuildStatus:
         Deleting file "Debug\Lab8-Ex1-P2.unsuccessfulbuild".
         Touching "Debug\Lab8-Ex1-P2.lastbuildstate".
     1>Done Building Project "C:\Users\Muhammad Anas Baig\Documents\Visual Studio 2010\Projects\Lab8-Ex2-P2\Lab8-Ex1-P2\Lab8-Ex1-P2.vcxproj" (build target(s)).

Build succeeded.

Time Elapsed 00:00:01.82
