Build started 26-Apr-17 4:23:51 PM.
     1>Project "C:\Users\anasbaigmughal\Documents\Visual Studio 2010\Projects\Lab9-Ex1\Lab9-Ex1\Lab9-Ex1.vcxproj" on node 2 (build target(s)).
     1>InitializeBuildStatus:
         Touching "Debug\Lab9-Ex1.unsuccessfulbuild".
       ClCompile:
         C:\Program Files\Microsoft Visual Studio 10.0\VC\bin\CL.exe /c /ZI /nologo /W3 /WX- /Od /Oy- /D _MBCS /Gm /EHsc /RTC1 /MDd /GS /fp:precise /Zc:wchar_t /Zc:forScope /Fo"Debug\\" /Fd"Debug\vc100.pdb" /Gd /TP /analyze- /errorReport:prompt main.cpp
         main.cpp
     1>c:\users\anasbaigmughal\documents\visual studio 2010\projects\lab9-ex1\lab9-ex1\main.cpp(133): warning C4996: 'getch': The POSIX name for this item is deprecated. Instead, use the ISO C++ conformant name: _getch. See online help for details.
                 c:\program files\microsoft visual studio 10.0\vc\include\conio.h(128) : see declaration of 'getch'
     1>c:\users\anasbaigmughal\documents\visual studio 2010\projects\lab9-ex1\lab9-ex1\main.cpp(40): warning C4715: 'linearProbing' : not all control paths return a value
     1>c:\users\anasbaigmughal\documents\visual studio 2010\projects\lab9-ex1\lab9-ex1\main.cpp(73): warning C4715: 'quadraticProbing' : not all control paths return a value
       Link:
         C:\Program Files\Microsoft Visual Studio 10.0\VC\bin\link.exe /ERRORREPORT:PROMPT /OUT:"C:\Users\anasbaigmughal\Documents\Visual Studio 2010\Projects\Lab9-Ex1\Debug\Lab9-Ex1.exe" /NOLOGO kernel32.lib user32.lib gdi32.lib winspool.lib comdlg32.lib advapi32.lib shell32.lib ole32.lib oleaut32.lib uuid.lib odbc32.lib odbccp32.lib /MANIFEST /ManifestFile:"Debug\Lab9-Ex1.exe.intermediate.manifest" /MANIFESTUAC:"level='asInvoker' uiAccess='false'" /DEBUG /PDB:"C:\Users\anasbaigmughal\Documents\Visual Studio 2010\Projects\Lab9-Ex1\Debug\Lab9-Ex1.pdb" /TLBID:1 /DYNAMICBASE /NXCOMPAT /IMPLIB:"C:\Users\anasbaigmughal\Documents\Visual Studio 2010\Projects\Lab9-Ex1\Debug\Lab9-Ex1.lib" /MACHINE:X86 Debug\main.obj
         Lab9-Ex1.vcxproj -> C:\Users\anasbaigmughal\Documents\Visual Studio 2010\Projects\Lab9-Ex1\Debug\Lab9-Ex1.exe
       Manifest:
         C:\Program Files\Microsoft SDKs\Windows\v7.0A\bin\mt.exe /nologo /verbose /outputresource:"C:\Users\anasbaigmughal\Documents\Visual Studio 2010\Projects\Lab9-Ex1\Debug\Lab9-Ex1.exe;#1" /manifest "Debug\Lab9-Ex1.exe.intermediate.manifest"
       FinalizeBuildStatus:
         Deleting file "Debug\Lab9-Ex1.unsuccessfulbuild".
         Touching "Debug\Lab9-Ex1.lastbuildstate".
     1>Done Building Project "C:\Users\anasbaigmughal\Documents\Visual Studio 2010\Projects\Lab9-Ex1\Lab9-Ex1\Lab9-Ex1.vcxproj" (build target(s)).

Build succeeded.

Time Elapsed 00:00:01.12
