Build started 01-Apr-17 8:44:57 PM.
     1>Project "C:\Users\Muhammad Anas Baig\OneDrive\Uni\DSA-CSC-221\Lab\Journal3 Visual Studio Code Solution\Lab3-Ex3\Lab3-Ex3\Lab3-Ex3.vcxproj" on node 2 (build target(s)).
     1>InitializeBuildStatus:
         Creating "Debug\Lab3-Ex3.unsuccessfulbuild" because "AlwaysCreate" was specified.
       ClCompile:
         C:\Program Files\Microsoft Visual Studio 10.0\VC\bin\CL.exe /c /ZI /nologo /W3 /WX- /Od /Oy- /D _MBCS /Gm /EHsc /RTC1 /MDd /GS /fp:precise /Zc:wchar_t /Zc:forScope /Fo"Debug\\" /Fd"Debug\vc100.pdb" /Gd /TP /analyze- /errorReport:prompt queue.cpp
         queue.cpp
     1>c:\users\muhammad anas baig\onedrive\uni\dsa-csc-221\lab\journal3 visual studio code solution\lab3-ex3\lab3-ex3\queue.cpp(82): warning C4715: 'queue::dequeue' : not all control paths return a value
       Link:
         C:\Program Files\Microsoft Visual Studio 10.0\VC\bin\link.exe /ERRORREPORT:PROMPT /OUT:"C:\Users\Muhammad Anas Baig\OneDrive\Uni\DSA-CSC-221\Lab\Journal3 Visual Studio Code Solution\Lab3-Ex3\Debug\Lab3-Ex3.exe" /NOLOGO kernel32.lib user32.lib gdi32.lib winspool.lib comdlg32.lib advapi32.lib shell32.lib ole32.lib oleaut32.lib uuid.lib odbc32.lib odbccp32.lib /MANIFEST /ManifestFile:"Debug\Lab3-Ex3.exe.intermediate.manifest" /MANIFESTUAC:"level='asInvoker' uiAccess='false'" /DEBUG /PDB:"C:\Users\Muhammad Anas Baig\OneDrive\Uni\DSA-CSC-221\Lab\Journal3 Visual Studio Code Solution\Lab3-Ex3\Debug\Lab3-Ex3.pdb" /TLBID:1 /DYNAMICBASE /NXCOMPAT /IMPLIB:"C:\Users\Muhammad Anas Baig\OneDrive\Uni\DSA-CSC-221\Lab\Journal3 Visual Studio Code Solution\Lab3-Ex3\Debug\Lab3-Ex3.lib" /MACHINE:X86 Debug\main.obj
         Debug\queue.obj
         LINK : C:\Users\Muhammad Anas Baig\OneDrive\Uni\DSA-CSC-221\Lab\Journal3 Visual Studio Code Solution\Lab3-Ex3\Debug\Lab3-Ex3.exe not found or not built by the last incremental link; performing full link
         Lab3-Ex3.vcxproj -> C:\Users\Muhammad Anas Baig\OneDrive\Uni\DSA-CSC-221\Lab\Journal3 Visual Studio Code Solution\Lab3-Ex3\Debug\Lab3-Ex3.exe
       Manifest:
         C:\Program Files\Microsoft SDKs\Windows\v7.0A\bin\mt.exe /nologo /verbose /outputresource:"C:\Users\Muhammad Anas Baig\OneDrive\Uni\DSA-CSC-221\Lab\Journal3 Visual Studio Code Solution\Lab3-Ex3\Debug\Lab3-Ex3.exe;#1" /manifest "Debug\Lab3-Ex3.exe.intermediate.manifest"
       FinalizeBuildStatus:
         Deleting file "Debug\Lab3-Ex3.unsuccessfulbuild".
         Touching "Debug\Lab3-Ex3.lastbuildstate".
     1>Done Building Project "C:\Users\Muhammad Anas Baig\OneDrive\Uni\DSA-CSC-221\Lab\Journal3 Visual Studio Code Solution\Lab3-Ex3\Lab3-Ex3\Lab3-Ex3.vcxproj" (build target(s)).

Build succeeded.

Time Elapsed 00:00:01.85
