Build started 29-May-17 3:04:16 PM.
     1>Project "C:\Users\MABM\Documents\Visual Studio 2010\Projects\Lab13-Ex1\Lab13-Ex1\Lab13-Ex1.vcxproj" on node 2 (build target(s)).
     1>InitializeBuildStatus:
         Creating "Debug\Lab13-Ex1.unsuccessfulbuild" because "AlwaysCreate" was specified.
       ClCompile:
         C:\Program Files\Microsoft Visual Studio 10.0\VC\bin\CL.exe /c /ZI /nologo /W3 /WX- /Od /Oy- /D _MBCS /Gm /EHsc /RTC1 /MDd /GS /fp:precise /Zc:wchar_t /Zc:forScope /Fo"Debug\\" /Fd"Debug\vc100.pdb" /Gd /TP /analyze- /errorReport:prompt main.cpp
         main.cpp
     1>c:\users\mabm\documents\visual studio 2010\projects\lab13-ex1\lab13-ex1\main.cpp(17): warning C4018: '<' : signed/unsigned mismatch
     1>c:\users\mabm\documents\visual studio 2010\projects\lab13-ex1\lab13-ex1\main.cpp(59): warning C4996: 'getch': The POSIX name for this item is deprecated. Instead, use the ISO C++ conformant name: _getch. See online help for details.
                 c:\program files\microsoft visual studio 10.0\vc\include\conio.h(128) : see declaration of 'getch'
       Link:
         C:\Program Files\Microsoft Visual Studio 10.0\VC\bin\link.exe /ERRORREPORT:PROMPT /OUT:"C:\Users\MABM\Documents\Visual Studio 2010\Projects\Lab13-Ex1\Debug\Lab13-Ex1.exe" /NOLOGO kernel32.lib user32.lib gdi32.lib winspool.lib comdlg32.lib advapi32.lib shell32.lib ole32.lib oleaut32.lib uuid.lib odbc32.lib odbccp32.lib /MANIFEST /ManifestFile:"Debug\Lab13-Ex1.exe.intermediate.manifest" /MANIFESTUAC:"level='asInvoker' uiAccess='false'" /DEBUG /PDB:"C:\Users\MABM\Documents\Visual Studio 2010\Projects\Lab13-Ex1\Debug\Lab13-Ex1.pdb" /TLBID:1 /DYNAMICBASE /NXCOMPAT /IMPLIB:"C:\Users\MABM\Documents\Visual Studio 2010\Projects\Lab13-Ex1\Debug\Lab13-Ex1.lib" /MACHINE:X86 Debug\bst.obj
         Debug\main.obj
         Debug\node.obj
         LINK : C:\Users\MABM\Documents\Visual Studio 2010\Projects\Lab13-Ex1\Debug\Lab13-Ex1.exe not found or not built by the last incremental link; performing full link
         Lab13-Ex1.vcxproj -> C:\Users\MABM\Documents\Visual Studio 2010\Projects\Lab13-Ex1\Debug\Lab13-Ex1.exe
       Manifest:
         C:\Program Files\Microsoft SDKs\Windows\v7.0A\bin\mt.exe /nologo /verbose /outputresource:"C:\Users\MABM\Documents\Visual Studio 2010\Projects\Lab13-Ex1\Debug\Lab13-Ex1.exe;#1" /manifest "Debug\Lab13-Ex1.exe.intermediate.manifest"
       FinalizeBuildStatus:
         Deleting file "Debug\Lab13-Ex1.unsuccessfulbuild".
         Touching "Debug\Lab13-Ex1.lastbuildstate".
     1>Done Building Project "C:\Users\MABM\Documents\Visual Studio 2010\Projects\Lab13-Ex1\Lab13-Ex1\Lab13-Ex1.vcxproj" (build target(s)).

Build succeeded.

Time Elapsed 00:00:01.22
