Build started 3/4/2017 6:14:54 PM.
     1>Project "c:\Users\administrator\documents\visual studio 2010\Projects\Lab4-Ex3\Lab4-Ex3\Lab4-Ex3.vcxproj" on node 2 (build target(s)).
     1>InitializeBuildStatus:
         Creating "Debug\Lab4-Ex3.unsuccessfulbuild" because "AlwaysCreate" was specified.
       ClCompile:
         C:\Program Files\Microsoft Visual Studio 10.0\VC\bin\CL.exe /c /ZI /nologo /W3 /WX- /Od /Oy- /D _MBCS /Gm /EHsc /RTC1 /MDd /GS /fp:precise /Zc:wchar_t /Zc:forScope /Fo"Debug\\" /Fd"Debug\vc100.pdb" /Gd /TP /analyze- /errorReport:prompt main.cpp
         main.cpp
     1>c:\users\administrator\documents\visual studio 2010\projects\lab4-ex3\lab4-ex3\main.cpp(26): warning C4996: 'getch': The POSIX name for this item is deprecated. Instead, use the ISO C++ conformant name: _getch. See online help for details.
                 c:\program files\microsoft visual studio 10.0\vc\include\conio.h(128) : see declaration of 'getch'
     1>c:\users\administrator\documents\visual studio 2010\projects\lab4-ex3\lab4-ex3\main.cpp(16): warning C4715: 'print' : not all control paths return a value
       Link:
         C:\Program Files\Microsoft Visual Studio 10.0\VC\bin\link.exe /ERRORREPORT:PROMPT /OUT:"c:\users\administrator\documents\visual studio 2010\Projects\Lab4-Ex3\Debug\Lab4-Ex3.exe" /NOLOGO kernel32.lib user32.lib gdi32.lib winspool.lib comdlg32.lib advapi32.lib shell32.lib ole32.lib oleaut32.lib uuid.lib odbc32.lib odbccp32.lib /MANIFEST /ManifestFile:"Debug\Lab4-Ex3.exe.intermediate.manifest" /MANIFESTUAC:"level='asInvoker' uiAccess='false'" /DEBUG /PDB:"c:\users\administrator\documents\visual studio 2010\Projects\Lab4-Ex3\Debug\Lab4-Ex3.pdb" /TLBID:1 /DYNAMICBASE /NXCOMPAT /IMPLIB:"c:\users\administrator\documents\visual studio 2010\Projects\Lab4-Ex3\Debug\Lab4-Ex3.lib" /MACHINE:X86 Debug\main.obj
         LINK : c:\users\administrator\documents\visual studio 2010\Projects\Lab4-Ex3\Debug\Lab4-Ex3.exe not found or not built by the last incremental link; performing full link
         Lab4-Ex3.vcxproj -> c:\users\administrator\documents\visual studio 2010\Projects\Lab4-Ex3\Debug\Lab4-Ex3.exe
       Manifest:
         C:\Program Files\Microsoft SDKs\Windows\v7.0A\bin\mt.exe /nologo /verbose /outputresource:"c:\users\administrator\documents\visual studio 2010\Projects\Lab4-Ex3\Debug\Lab4-Ex3.exe;#1" /manifest "Debug\Lab4-Ex3.exe.intermediate.manifest"
       FinalizeBuildStatus:
         Deleting file "Debug\Lab4-Ex3.unsuccessfulbuild".
         Touching "Debug\Lab4-Ex3.lastbuildstate".
     1>Done Building Project "c:\Users\administrator\documents\visual studio 2010\Projects\Lab4-Ex3\Lab4-Ex3\Lab4-Ex3.vcxproj" (build target(s)).

Build succeeded.

Time Elapsed 00:00:01.42
